Running with 1 threads...
Running with 2 threads...
Running with 4 threads...
Running with 8 threads...
Running with 16 threads...
Running with 32 threads...
Running with 64 threads...
Running with 128 threads...
Running with 256 threads...
Running with 512 threads...
WARNING: Requested total thread count and/or thread affinity may result in
oversubscription of available CPU resources!  Performance may be degraded.
Explicitly set OMP_WAIT_POLICY=PASSIVE or ACTIVE to suppress this message.
Set CRAY_OMP_CHECK_AFFINITY=TRUE to print detailed thread-affinity messages.
Running with 1024 threads...
WARNING: Requested total thread count and/or thread affinity may result in
oversubscription of available CPU resources!  Performance may be degraded.
Explicitly set OMP_WAIT_POLICY=PASSIVE or ACTIVE to suppress this message.
Set CRAY_OMP_CHECK_AFFINITY=TRUE to print detailed thread-affinity messages.
Done! Results saved to scaling_results_dardel.txt
